<?xml version="1.0" encoding="UTF-8"?>
<!-- Generated by org.testng.reporters.JUnitReportReporter -->
<testsuite hostname="Surya" failures="0" tests="2" name="RunnerFile.RunnerFile" time="36.951" errors="0" timestamp="2024-05-15T21:35:32 IST" skipped="0">
  <testcase classname="RunnerFile.RunnerFile" name="runScenario" time="16.450"/>
  <system-out/>
  <testcase classname="RunnerFile.RunnerFile" name="runScenario" time="20.501"/>
  <system-out/>
</testsuite> <!-- RunnerFile.RunnerFile -->
